<?xml version="1.0" encoding="UTF-8"?>
<testng-results ignored="0" total="5" passed="5" failed="0" skipped="0">
  <reporter-output>
  </reporter-output>
  <suite started-at="2025-09-09T15:20:00 IST" name="Suite" finished-at="2025-09-09T15:21:43 IST" duration-ms="103423">
    <groups>
    </groups>
    <test started-at="2025-09-09T15:20:00 IST" name="Test" finished-at="2025-09-09T15:21:43 IST" duration-ms="103423">
      <class name="com.orangehrm.test.OrangeHRMTestCases">
        <test-method is-config="true" signature="setupreport()[pri:0, instance:com.orangehrm.test.OrangeHRMTestCases@5b94b04d]" started-at="2025-09-09T15:20:00 IST" name="setupreport" finished-at="2025-09-09T15:20:00 IST" duration-ms="272" status="PASS">
          <reporter-output>
          </reporter-output>
        </test-method> <!-- setupreport -->
        <test-method is-config="true" signature="setup()[pri:0, instance:com.orangehrm.test.OrangeHRMTestCases@5b94b04d]" started-at="2025-09-09T15:20:01 IST" name="setup" finished-at="2025-09-09T15:20:03 IST" duration-ms="1637" status="PASS">
          <reporter-output>
          </reporter-output>
        </test-method> <!-- setup -->
        <test-method signature="verifyloginTestcase1(java.lang.String,java.lang.String)[pri:1, instance:com.orangehrm.test.OrangeHRMTestCases@5b94b04d]" started-at="2025-09-09T15:20:03 IST" name="verifyloginTestcase1" data-provider="loginData1" finished-at="2025-09-09T15:20:14 IST" duration-ms="11699" status="PASS">
          <params>
            <param index="0">
              <value>
                <![CDATA[Admin]]>
              </value>
            </param>
            <param index="1">
              <value>
                <![CDATA[admin123]]>
              </value>
            </param>
          </params>
          <reporter-output>
          </reporter-output>
        </test-method> <!-- verifyloginTestcase1 -->
        <test-method is-config="true" signature="teardown()[pri:0, instance:com.orangehrm.test.OrangeHRMTestCases@5b94b04d]" started-at="2025-09-09T15:20:14 IST" name="teardown" finished-at="2025-09-09T15:20:15 IST" duration-ms="297" status="PASS">
          <reporter-output>
          </reporter-output>
        </test-method> <!-- teardown -->
        <test-method is-config="true" signature="setup()[pri:0, instance:com.orangehrm.test.OrangeHRMTestCases@5b94b04d]" started-at="2025-09-09T15:20:15 IST" name="setup" finished-at="2025-09-09T15:20:15 IST" duration-ms="823" status="PASS">
          <reporter-output>
          </reporter-output>
        </test-method> <!-- setup -->
        <test-method signature="AddingEmployeeTestCase2(java.lang.String,java.lang.String,java.lang.String,java.lang.String,java.lang.String,java.lang.String)[pri:2, instance:com.orangehrm.test.OrangeHRMTestCases@5b94b04d]" started-at="2025-09-09T15:20:15 IST" name="AddingEmployeeTestCase2" data-provider="addUserData" finished-at="2025-09-09T15:20:49 IST" duration-ms="33907" status="PASS">
          <params>
            <param index="0">
              <value>
                <![CDATA[Admin]]>
              </value>
            </param>
            <param index="1">
              <value>
                <![CDATA[James Butler]]>
              </value>
            </param>
            <param index="2">
              <value>
                <![CDATA[Enabled]]>
              </value>
            </param>
            <param index="3">
              <value>
                <![CDATA[james1]]>
              </value>
            </param>
            <param index="4">
              <value>
                <![CDATA[James@1234]]>
              </value>
            </param>
            <param index="5">
              <value>
                <![CDATA[James@1234]]>
              </value>
            </param>
          </params>
          <reporter-output>
          </reporter-output>
        </test-method> <!-- AddingEmployeeTestCase2 -->
        <test-method is-config="true" signature="teardown()[pri:0, instance:com.orangehrm.test.OrangeHRMTestCases@5b94b04d]" started-at="2025-09-09T15:20:49 IST" name="teardown" finished-at="2025-09-09T15:20:50 IST" duration-ms="200" status="PASS">
          <reporter-output>
          </reporter-output>
        </test-method> <!-- teardown -->
        <test-method is-config="true" signature="setup()[pri:0, instance:com.orangehrm.test.OrangeHRMTestCases@5b94b04d]" started-at="2025-09-09T15:20:50 IST" name="setup" finished-at="2025-09-09T15:20:50 IST" duration-ms="687" status="PASS">
          <reporter-output>
          </reporter-output>
        </test-method> <!-- setup -->
        <test-method signature="searchEmployeeQuickTest(java.lang.String,java.lang.String,java.lang.String)[pri:3, instance:com.orangehrm.test.OrangeHRMTestCases@5b94b04d]" started-at="2025-09-09T15:20:50 IST" name="searchEmployeeQuickTest" data-provider="EmployeeData" finished-at="2025-09-09T15:21:06 IST" duration-ms="15718" status="PASS">
          <params>
            <param index="0">
              <value>
                <![CDATA[Alex  Brown]]>
              </value>
            </param>
            <param index="1">
              <value>
                <![CDATA[E103]]>
              </value>
            </param>
            <param index="2">
              <value>
                <![CDATA[Jane  Smith]]>
              </value>
            </param>
          </params>
          <reporter-output>
          </reporter-output>
        </test-method> <!-- searchEmployeeQuickTest -->
        <test-method is-config="true" signature="teardown()[pri:0, instance:com.orangehrm.test.OrangeHRMTestCases@5b94b04d]" started-at="2025-09-09T15:21:06 IST" name="teardown" finished-at="2025-09-09T15:21:06 IST" duration-ms="199" status="PASS">
          <reporter-output>
          </reporter-output>
        </test-method> <!-- teardown -->
        <test-method is-config="true" signature="setup()[pri:0, instance:com.orangehrm.test.OrangeHRMTestCases@5b94b04d]" started-at="2025-09-09T15:21:06 IST" name="setup" finished-at="2025-09-09T15:21:07 IST" duration-ms="724" status="PASS">
          <reporter-output>
          </reporter-output>
        </test-method> <!-- setup -->
        <test-method signature="searchEmployeeLeaveList(java.lang.String,java.lang.String)[pri:4, instance:com.orangehrm.test.OrangeHRMTestCases@5b94b04d]" started-at="2025-09-09T15:21:07 IST" name="searchEmployeeLeaveList" data-provider="loginData1" finished-at="2025-09-09T15:21:24 IST" duration-ms="16732" status="PASS">
          <params>
            <param index="0">
              <value>
                <![CDATA[Admin]]>
              </value>
            </param>
            <param index="1">
              <value>
                <![CDATA[admin123]]>
              </value>
            </param>
          </params>
          <reporter-output>
          </reporter-output>
        </test-method> <!-- searchEmployeeLeaveList -->
        <test-method is-config="true" signature="teardown()[pri:0, instance:com.orangehrm.test.OrangeHRMTestCases@5b94b04d]" started-at="2025-09-09T15:21:24 IST" name="teardown" finished-at="2025-09-09T15:21:24 IST" duration-ms="594" status="PASS">
          <reporter-output>
          </reporter-output>
        </test-method> <!-- teardown -->
        <test-method is-config="true" signature="setup()[pri:0, instance:com.orangehrm.test.OrangeHRMTestCases@5b94b04d]" started-at="2025-09-09T15:21:24 IST" name="setup" finished-at="2025-09-09T15:21:26 IST" duration-ms="1898" status="PASS">
          <reporter-output>
          </reporter-output>
        </test-method> <!-- setup -->
        <test-method signature="searchProject(java.lang.String,java.lang.String)[pri:5, instance:com.orangehrm.test.OrangeHRMTestCases@5b94b04d]" started-at="2025-09-09T15:21:26 IST" name="searchProject" data-provider="projectdata" finished-at="2025-09-09T15:21:43 IST" duration-ms="16649" status="PASS">
          <params>
            <param index="0">
              <value>
                <![CDATA[ACME Ltd]]>
              </value>
            </param>
            <param index="1">
              <value>
                <![CDATA[ACME Ltd]]>
              </value>
            </param>
          </params>
          <reporter-output>
          </reporter-output>
        </test-method> <!-- searchProject -->
        <test-method is-config="true" signature="teardown()[pri:0, instance:com.orangehrm.test.OrangeHRMTestCases@5b94b04d]" started-at="2025-09-09T15:21:43 IST" name="teardown" finished-at="2025-09-09T15:21:43 IST" duration-ms="644" status="PASS">
          <reporter-output>
          </reporter-output>
        </test-method> <!-- teardown -->
        <test-method is-config="true" signature="flushreport()[pri:0, instance:com.orangehrm.test.OrangeHRMTestCases@5b94b04d]" started-at="2025-09-09T15:21:44 IST" name="flushreport" finished-at="2025-09-09T15:21:44 IST" duration-ms="942" status="PASS">
          <reporter-output>
          </reporter-output>
        </test-method> <!-- flushreport -->
      </class> <!-- com.orangehrm.test.OrangeHRMTestCases -->
    </test> <!-- Test -->
  </suite> <!-- Suite -->
</testng-results>
